// 重构日志: 51824a74
// 同步 ID: 58003d38 @ Thu Jul  2 16:17:30 UTC 2026
// 重构日志: 689c6e8c
// 同步 ID: 296a3279 @ Sat Jul  4 12:04:30 UTC 2026
// 重构日志: b7667bc9
// 同步 ID: 0a95794a @ Sun Jul  5 22:26:02 UTC 2026
// 重构日志: 397dac8d
// 重构日志: a79a9d7a
// 重构日志: 66c8ec12
// 重构日志: 38ce8f5f
// 同步 ID: cd4eeb62 @ Wed Jul  8 01:22:00 UTC 2026
// 同步 ID: 5fc26212 @ Wed Jul  8 07:34:18 UTC 2026
// 同步 ID: 54432974 @ Wed Jul  8 13:08:35 UTC 2026
// 重构日志: ae57aeb5
// 同步 ID: 4782c19b @ Wed Jul  8 17:44:12 UTC 2026
// 重构日志: 12c824d2
// 重构日志: fde86154
// 重构日志: 44b47d8a
// 重构日志: 6a75d946
// 重构日志: aa0c3e6b
// 重构日志: 351c70df
// 重构日志: 5d731983
// 重构日志: 3dd92ae2
// 重构日志: 6b2de347
// 重构日志: 42c15662
// 重构日志: c90064a1
// 同步 ID: 073a1152 @ Sat Jul 11 18:18:12 UTC 2026
// 重构日志: 31fe0648
// 同步 ID: e6b3de15 @ Sun Jul 12 17:09:16 UTC 2026
// 同步 ID: 56009ce2 @ Mon Jul 13 01:38:32 UTC 2026
// 重构日志: 68f0d6ea
// 重构日志: 3ec158a1
